{"C:\\Users\\JOSE\\OneDrive\\Desktop\\prueba-node-mvc-bpo\\src\\app.js": {"path":"C:\\Users\\JOSE\\OneDrive\\Desktop\\prueba-node-mvc-bpo\\src\\app.js","statementMap":{"0":{"start":{"line":1,"column":16},"end":{"line":1,"column":34}},"1":{"start":{"line":2,"column":13},"end":{"line":2,"column":28}},"2":{"start":{"line":3,"column":15},"end":{"line":3,"column":34}},"3":{"start":{"line":4,"column":42},"end":{"line":4,"column":80}},"4":{"start":{"line":6,"column":12},"end":{"line":6,"column":21}},"5":{"start":{"line":13,"column":0},"end":{"line":17,"column":4}},"6":{"start":{"line":20,"column":0},"end":{"line":20,"column":24}},"7":{"start":{"line":23,"column":0},"end":{"line":23,"column":48}},"8":{"start":{"line":26,"column":0},"end":{"line":34,"column":1}},"9":{"start":{"line":27,"column":4},"end":{"line":33,"column":7}},"10":{"start":{"line":28,"column":8},"end":{"line":31,"column":11}},"11":{"start":{"line":32,"column":8},"end":{"line":32,"column":15}},"12":{"start":{"line":41,"column":0},"end":{"line":47,"column":3}},"13":{"start":{"line":42,"column":4},"end":{"line":46,"column":7}},"14":{"start":{"line":50,"column":0},"end":{"line":50,"column":27}},"15":{"start":{"line":57,"column":0},"end":{"line":57,"column":25}},"16":{"start":{"line":60,"column":0},"end":{"line":60,"column":22}},"17":{"start":{"line":62,"column":0},"end":{"line":62,"column":21}}},"fnMap":{"0":{"name":"(anonymous_0)","decl":{"start":{"line":27,"column":12},"end":{"line":27,"column":13}},"loc":{"start":{"line":27,"column":32},"end":{"line":33,"column":5}},"line":27},"1":{"name":"(anonymous_1)","decl":{"start":{"line":41,"column":19},"end":{"line":41,"column":20}},"loc":{"start":{"line":41,"column":33},"end":{"line":47,"column":1}},"line":41}},"branchMap":{"0":{"loc":{"start":{"line":14,"column":12},"end":{"line":14,"column":42}},"type":"binary-expr","locations":[{"start":{"line":14,"column":12},"end":{"line":14,"column":35}},{"start":{"line":14,"column":39},"end":{"line":14,"column":42}}],"line":14},"1":{"loc":{"start":{"line":26,"column":0},"end":{"line":34,"column":1}},"type":"if","locations":[{"start":{"line":26,"column":0},"end":{"line":34,"column":1}},{"start":{},"end":{}}],"line":26},"2":{"loc":{"start":{"line":30,"column":14},"end":{"line":30,"column":69}},"type":"cond-expr","locations":[{"start":{"line":30,"column":49},"end":{"line":30,"column":57}},{"start":{"line":30,"column":60},"end":{"line":30,"column":69}}],"line":30}},"s":{"0":1,"1":1,"2":1,"3":1,"4":1,"5":1,"6":1,"7":1,"8":1,"9":0,"10":0,"11":0,"12":1,"13":1,"14":1,"15":1,"16":1,"17":1},"f":{"0":0,"1":1},"b":{"0":[1,1],"1":[0,1],"2":[0,0]},"_coverageSchema":"1a1c01bbd47fc00a2c39e90264f33305004495a9","hash":"d002dc18d1450461a93eda13861bcd412cb73ac1"}
,"C:\\Users\\JOSE\\OneDrive\\Desktop\\prueba-node-mvc-bpo\\src\\controllers\\gestion.controller.js": {"path":"C:\\Users\\JOSE\\OneDrive\\Desktop\\prueba-node-mvc-bpo\\src\\controllers\\gestion.controller.js","statementMap":{"0":{"start":{"line":1,"column":23},"end":{"line":1,"column":61}},"1":{"start":{"line":8,"column":8},"end":{"line":18,"column":9}},"2":{"start":{"line":9,"column":24},"end":{"line":9,"column":60}},"3":{"start":{"line":11,"column":8},"end":{"line":15,"column":11}},"4":{"start":{"line":17,"column":8},"end":{"line":17,"column":20}},"5":{"start":{"line":25,"column":8},"end":{"line":36,"column":9}},"6":{"start":{"line":26,"column":26},"end":{"line":26,"column":64}},"7":{"start":{"line":28,"column":8},"end":{"line":33,"column":11}},"8":{"start":{"line":35,"column":8},"end":{"line":35,"column":20}},"9":{"start":{"line":43,"column":8},"end":{"line":61,"column":9}},"10":{"start":{"line":44,"column":23},"end":{"line":44,"column":33}},"11":{"start":{"line":45,"column":24},"end":{"line":45,"column":61}},"12":{"start":{"line":47,"column":8},"end":{"line":52,"column":9}},"13":{"start":{"line":48,"column":12},"end":{"line":51,"column":15}},"14":{"start":{"line":54,"column":8},"end":{"line":58,"column":11}},"15":{"start":{"line":60,"column":8},"end":{"line":60,"column":20}},"16":{"start":{"line":68,"column":8},"end":{"line":86,"column":9}},"17":{"start":{"line":69,"column":23},"end":{"line":69,"column":33}},"18":{"start":{"line":70,"column":24},"end":{"line":70,"column":69}},"19":{"start":{"line":72,"column":8},"end":{"line":77,"column":9}},"20":{"start":{"line":73,"column":12},"end":{"line":76,"column":15}},"21":{"start":{"line":79,"column":8},"end":{"line":83,"column":11}},"22":{"start":{"line":85,"column":8},"end":{"line":85,"column":20}},"23":{"start":{"line":93,"column":8},"end":{"line":111,"column":9}},"24":{"start":{"line":94,"column":23},"end":{"line":94,"column":33}},"25":{"start":{"line":95,"column":24},"end":{"line":95,"column":76}},"26":{"start":{"line":97,"column":8},"end":{"line":102,"column":9}},"27":{"start":{"line":98,"column":12},"end":{"line":101,"column":15}},"28":{"start":{"line":104,"column":8},"end":{"line":108,"column":11}},"29":{"start":{"line":110,"column":8},"end":{"line":110,"column":20}},"30":{"start":{"line":118,"column":8},"end":{"line":135,"column":9}},"31":{"start":{"line":119,"column":23},"end":{"line":119,"column":33}},"32":{"start":{"line":120,"column":26},"end":{"line":120,"column":59}},"33":{"start":{"line":122,"column":8},"end":{"line":127,"column":9}},"34":{"start":{"line":123,"column":12},"end":{"line":126,"column":15}},"35":{"start":{"line":129,"column":8},"end":{"line":132,"column":11}},"36":{"start":{"line":134,"column":8},"end":{"line":134,"column":20}},"37":{"start":{"line":142,"column":8},"end":{"line":152,"column":9}},"38":{"start":{"line":143,"column":29},"end":{"line":143,"column":71}},"39":{"start":{"line":145,"column":8},"end":{"line":149,"column":11}},"40":{"start":{"line":151,"column":8},"end":{"line":151,"column":20}},"41":{"start":{"line":156,"column":0},"end":{"line":156,"column":41}}},"fnMap":{"0":{"name":"(anonymous_0)","decl":{"start":{"line":7,"column":4},"end":{"line":7,"column":5}},"loc":{"start":{"line":7,"column":32},"end":{"line":19,"column":5}},"line":7},"1":{"name":"(anonymous_1)","decl":{"start":{"line":24,"column":4},"end":{"line":24,"column":5}},"loc":{"start":{"line":24,"column":33},"end":{"line":37,"column":5}},"line":24},"2":{"name":"(anonymous_2)","decl":{"start":{"line":42,"column":4},"end":{"line":42,"column":5}},"loc":{"start":{"line":42,"column":39},"end":{"line":62,"column":5}},"line":42},"3":{"name":"(anonymous_3)","decl":{"start":{"line":67,"column":4},"end":{"line":67,"column":5}},"loc":{"start":{"line":67,"column":37},"end":{"line":87,"column":5}},"line":67},"4":{"name":"(anonymous_4)","decl":{"start":{"line":92,"column":4},"end":{"line":92,"column":5}},"loc":{"start":{"line":92,"column":44},"end":{"line":112,"column":5}},"line":92},"5":{"name":"(anonymous_5)","decl":{"start":{"line":117,"column":4},"end":{"line":117,"column":5}},"loc":{"start":{"line":117,"column":35},"end":{"line":136,"column":5}},"line":117},"6":{"name":"(anonymous_6)","decl":{"start":{"line":141,"column":4},"end":{"line":141,"column":5}},"loc":{"start":{"line":141,"column":46},"end":{"line":153,"column":5}},"line":141}},"branchMap":{"0":{"loc":{"start":{"line":47,"column":8},"end":{"line":52,"column":9}},"type":"if","locations":[{"start":{"line":47,"column":8},"end":{"line":52,"column":9}},{"start":{},"end":{}}],"line":47},"1":{"loc":{"start":{"line":72,"column":8},"end":{"line":77,"column":9}},"type":"if","locations":[{"start":{"line":72,"column":8},"end":{"line":77,"column":9}},{"start":{},"end":{}}],"line":72},"2":{"loc":{"start":{"line":97,"column":8},"end":{"line":102,"column":9}},"type":"if","locations":[{"start":{"line":97,"column":8},"end":{"line":102,"column":9}},{"start":{},"end":{}}],"line":97},"3":{"loc":{"start":{"line":122,"column":8},"end":{"line":127,"column":9}},"type":"if","locations":[{"start":{"line":122,"column":8},"end":{"line":127,"column":9}},{"start":{},"end":{}}],"line":122}},"s":{"0":1,"1":4,"2":4,"3":4,"4":0,"5":5,"6":5,"7":5,"8":0,"9":3,"10":3,"11":3,"12":3,"13":1,"14":2,"15":0,"16":1,"17":1,"18":1,"19":1,"20":0,"21":1,"22":0,"23":1,"24":1,"25":1,"26":1,"27":0,"28":1,"29":0,"30":2,"31":2,"32":2,"33":2,"34":1,"35":1,"36":0,"37":0,"38":0,"39":0,"40":0,"41":1},"f":{"0":4,"1":5,"2":3,"3":1,"4":1,"5":2,"6":0},"b":{"0":[1,2],"1":[0,1],"2":[0,1],"3":[1,1]},"_coverageSchema":"1a1c01bbd47fc00a2c39e90264f33305004495a9","hash":"a2a34b33100893423dc06a1d6bf8747719097bdd"}
,"C:\\Users\\JOSE\\OneDrive\\Desktop\\prueba-node-mvc-bpo\\src\\middlewares\\error.handler.js": {"path":"C:\\Users\\JOSE\\OneDrive\\Desktop\\prueba-node-mvc-bpo\\src\\middlewares\\error.handler.js","statementMap":{"0":{"start":{"line":4,"column":24},"end":{"line":10,"column":1}},"1":{"start":{"line":5,"column":2},"end":{"line":9,"column":5}},"2":{"start":{"line":15,"column":21},"end":{"line":90,"column":1}},"3":{"start":{"line":17,"column":2},"end":{"line":22,"column":5}},"4":{"start":{"line":25,"column":2},"end":{"line":34,"column":3}},"5":{"start":{"line":26,"column":4},"end":{"line":33,"column":7}},"6":{"start":{"line":29,"column":35},"end":{"line":32,"column":7}},"7":{"start":{"line":37,"column":2},"end":{"line":46,"column":3}},"8":{"start":{"line":38,"column":4},"end":{"line":45,"column":7}},"9":{"start":{"line":41,"column":35},"end":{"line":44,"column":7}},"10":{"start":{"line":49,"column":2},"end":{"line":55,"column":3}},"11":{"start":{"line":50,"column":4},"end":{"line":54,"column":7}},"12":{"start":{"line":58,"column":2},"end":{"line":64,"column":3}},"13":{"start":{"line":59,"column":4},"end":{"line":63,"column":7}},"14":{"start":{"line":67,"column":2},"end":{"line":73,"column":3}},"15":{"start":{"line":68,"column":4},"end":{"line":72,"column":7}},"16":{"start":{"line":76,"column":2},"end":{"line":82,"column":3}},"17":{"start":{"line":77,"column":4},"end":{"line":81,"column":7}},"18":{"start":{"line":85,"column":2},"end":{"line":89,"column":5}},"19":{"start":{"line":96,"column":21},"end":{"line":100,"column":1}},"20":{"start":{"line":97,"column":2},"end":{"line":99,"column":4}},"21":{"start":{"line":98,"column":4},"end":{"line":98,"column":52}},"22":{"start":{"line":102,"column":0},"end":{"line":106,"column":2}}},"fnMap":{"0":{"name":"(anonymous_0)","decl":{"start":{"line":4,"column":24},"end":{"line":4,"column":25}},"loc":{"start":{"line":4,"column":44},"end":{"line":10,"column":1}},"line":4},"1":{"name":"(anonymous_1)","decl":{"start":{"line":15,"column":21},"end":{"line":15,"column":22}},"loc":{"start":{"line":15,"column":46},"end":{"line":90,"column":1}},"line":15},"2":{"name":"(anonymous_2)","decl":{"start":{"line":29,"column":29},"end":{"line":29,"column":30}},"loc":{"start":{"line":29,"column":35},"end":{"line":32,"column":7}},"line":29},"3":{"name":"(anonymous_3)","decl":{"start":{"line":41,"column":29},"end":{"line":41,"column":30}},"loc":{"start":{"line":41,"column":35},"end":{"line":44,"column":7}},"line":41},"4":{"name":"(anonymous_4)","decl":{"start":{"line":96,"column":21},"end":{"line":96,"column":22}},"loc":{"start":{"line":96,"column":29},"end":{"line":100,"column":1}},"line":96},"5":{"name":"(anonymous_5)","decl":{"start":{"line":97,"column":9},"end":{"line":97,"column":10}},"loc":{"start":{"line":97,"column":29},"end":{"line":99,"column":3}},"line":97}},"branchMap":{"0":{"loc":{"start":{"line":19,"column":11},"end":{"line":19,"column":73}},"type":"cond-expr","locations":[{"start":{"line":19,"column":52},"end":{"line":19,"column":61}},{"start":{"line":19,"column":64},"end":{"line":19,"column":73}}],"line":19},"1":{"loc":{"start":{"line":25,"column":2},"end":{"line":34,"column":3}},"type":"if","locations":[{"start":{"line":25,"column":2},"end":{"line":34,"column":3}},{"start":{},"end":{}}],"line":25},"2":{"loc":{"start":{"line":37,"column":2},"end":{"line":46,"column":3}},"type":"if","locations":[{"start":{"line":37,"column":2},"end":{"line":46,"column":3}},{"start":{},"end":{}}],"line":37},"3":{"loc":{"start":{"line":49,"column":2},"end":{"line":55,"column":3}},"type":"if","locations":[{"start":{"line":49,"column":2},"end":{"line":55,"column":3}},{"start":{},"end":{}}],"line":49},"4":{"loc":{"start":{"line":58,"column":2},"end":{"line":64,"column":3}},"type":"if","locations":[{"start":{"line":58,"column":2},"end":{"line":64,"column":3}},{"start":{},"end":{}}],"line":58},"5":{"loc":{"start":{"line":62,"column":13},"end":{"line":62,"column":96}},"type":"cond-expr","locations":[{"start":{"line":62,"column":54},"end":{"line":62,"column":65}},{"start":{"line":62,"column":68},"end":{"line":62,"column":96}}],"line":62},"6":{"loc":{"start":{"line":67,"column":2},"end":{"line":73,"column":3}},"type":"if","locations":[{"start":{"line":67,"column":2},"end":{"line":73,"column":3}},{"start":{},"end":{}}],"line":67},"7":{"loc":{"start":{"line":76,"column":2},"end":{"line":82,"column":3}},"type":"if","locations":[{"start":{"line":76,"column":2},"end":{"line":82,"column":3}},{"start":{},"end":{}}],"line":76},"8":{"loc":{"start":{"line":88,"column":11},"end":{"line":88,"column":89}},"type":"cond-expr","locations":[{"start":{"line":88,"column":52},"end":{"line":88,"column":63}},{"start":{"line":88,"column":66},"end":{"line":88,"column":89}}],"line":88}},"s":{"0":1,"1":0,"2":1,"3":0,"4":0,"5":0,"6":0,"7":0,"8":0,"9":0,"10":0,"11":0,"12":0,"13":0,"14":0,"15":0,"16":0,"17":0,"18":0,"19":1,"20":0,"21":0,"22":1},"f":{"0":0,"1":0,"2":0,"3":0,"4":0,"5":0},"b":{"0":[0,0],"1":[0,0],"2":[0,0],"3":[0,0],"4":[0,0],"5":[0,0],"6":[0,0],"7":[0,0],"8":[0,0]},"_coverageSchema":"1a1c01bbd47fc00a2c39e90264f33305004495a9","hash":"5d7aa492405d3c85f34da53057c71a2e64ce6304"}
,"C:\\Users\\JOSE\\OneDrive\\Desktop\\prueba-node-mvc-bpo\\src\\middlewares\\validate.js": {"path":"C:\\Users\\JOSE\\OneDrive\\Desktop\\prueba-node-mvc-bpo\\src\\middlewares\\validate.js","statementMap":{"0":{"start":{"line":6,"column":17},"end":{"line":30,"column":5}},"1":{"start":{"line":7,"column":4},"end":{"line":29,"column":6}},"2":{"start":{"line":8,"column":33},"end":{"line":11,"column":10}},"3":{"start":{"line":13,"column":8},"end":{"line":24,"column":9}},"4":{"start":{"line":14,"column":30},"end":{"line":17,"column":11}},"5":{"start":{"line":14,"column":59},"end":{"line":17,"column":9}},"6":{"start":{"line":19,"column":8},"end":{"line":23,"column":11}},"7":{"start":{"line":27,"column":8},"end":{"line":27,"column":30}},"8":{"start":{"line":28,"column":8},"end":{"line":28,"column":15}},"9":{"start":{"line":32,"column":0},"end":{"line":32,"column":26}}},"fnMap":{"0":{"name":"(anonymous_0)","decl":{"start":{"line":6,"column":17},"end":{"line":6,"column":18}},"loc":{"start":{"line":6,"column":48},"end":{"line":30,"column":5}},"line":6},"1":{"name":"(anonymous_1)","decl":{"start":{"line":7,"column":11},"end":{"line":7,"column":12}},"loc":{"start":{"line":7,"column":31},"end":{"line":29,"column":5}},"line":7},"2":{"name":"(anonymous_2)","decl":{"start":{"line":14,"column":48},"end":{"line":14,"column":49}},"loc":{"start":{"line":14,"column":59},"end":{"line":17,"column":9}},"line":14}},"branchMap":{"0":{"loc":{"start":{"line":6,"column":26},"end":{"line":6,"column":43}},"type":"default-arg","locations":[{"start":{"line":6,"column":37},"end":{"line":6,"column":43}}],"line":6},"1":{"loc":{"start":{"line":13,"column":8},"end":{"line":24,"column":9}},"type":"if","locations":[{"start":{"line":13,"column":8},"end":{"line":24,"column":9}},{"start":{},"end":{}}],"line":13}},"s":{"0":1,"1":8,"2":25,"3":25,"4":5,"5":7,"6":5,"7":20,"8":20,"9":1},"f":{"0":8,"1":25,"2":7},"b":{"0":[0],"1":[5,20]},"_coverageSchema":"1a1c01bbd47fc00a2c39e90264f33305004495a9","hash":"34682b0dc42fa347899486811d85bfb4c18a3568"}
,"C:\\Users\\JOSE\\OneDrive\\Desktop\\prueba-node-mvc-bpo\\src\\models\\gestion.model.js": {"path":"C:\\Users\\JOSE\\OneDrive\\Desktop\\prueba-node-mvc-bpo\\src\\models\\gestion.model.js","statementMap":{"0":{"start":{"line":1,"column":22},"end":{"line":1,"column":42}},"1":{"start":{"line":2,"column":22},"end":{"line":2,"column":51}},"2":{"start":{"line":4,"column":16},"end":{"line":128,"column":6}},"3":{"start":{"line":130,"column":0},"end":{"line":130,"column":25}}},"fnMap":{},"branchMap":{},"s":{"0":1,"1":1,"2":1,"3":1},"f":{},"b":{},"_coverageSchema":"1a1c01bbd47fc00a2c39e90264f33305004495a9","hash":"b3dc3b14083395f98bad58e28d8716c2a0e8635a"}
,"C:\\Users\\JOSE\\OneDrive\\Desktop\\prueba-node-mvc-bpo\\src\\models\\index.js": {"path":"C:\\Users\\JOSE\\OneDrive\\Desktop\\prueba-node-mvc-bpo\\src\\models\\index.js","statementMap":{"0":{"start":{"line":1,"column":22},"end":{"line":1,"column":51}},"1":{"start":{"line":2,"column":16},"end":{"line":2,"column":42}},"2":{"start":{"line":4,"column":11},"end":{"line":7,"column":1}},"3":{"start":{"line":10,"column":21},"end":{"line":18,"column":5}},"4":{"start":{"line":11,"column":4},"end":{"line":17,"column":5}},"5":{"start":{"line":12,"column":8},"end":{"line":12,"column":55}},"6":{"start":{"line":13,"column":8},"end":{"line":13,"column":96}},"7":{"start":{"line":15,"column":8},"end":{"line":15,"column":72}},"8":{"start":{"line":16,"column":8},"end":{"line":16,"column":20}},"9":{"start":{"line":20,"column":0},"end":{"line":20,"column":41}}},"fnMap":{"0":{"name":"(anonymous_0)","decl":{"start":{"line":10,"column":21},"end":{"line":10,"column":22}},"loc":{"start":{"line":10,"column":46},"end":{"line":18,"column":5}},"line":10}},"branchMap":{"0":{"loc":{"start":{"line":10,"column":28},"end":{"line":10,"column":41}},"type":"default-arg","locations":[{"start":{"line":10,"column":36},"end":{"line":10,"column":41}}],"line":10},"1":{"loc":{"start":{"line":13,"column":68},"end":{"line":13,"column":92}},"type":"cond-expr","locations":[{"start":{"line":13,"column":76},"end":{"line":13,"column":87}},{"start":{"line":13,"column":90},"end":{"line":13,"column":92}}],"line":13}},"s":{"0":1,"1":1,"2":1,"3":1,"4":1,"5":1,"6":1,"7":0,"8":0,"9":1},"f":{"0":1},"b":{"0":[0],"1":[1,0]},"_coverageSchema":"1a1c01bbd47fc00a2c39e90264f33305004495a9","hash":"12eeef10211588847a8dae1b16a1fa568624bfa6"}
,"C:\\Users\\JOSE\\OneDrive\\Desktop\\prueba-node-mvc-bpo\\src\\routes\\gestion.routes.js": {"path":"C:\\Users\\JOSE\\OneDrive\\Desktop\\prueba-node-mvc-bpo\\src\\routes\\gestion.routes.js","statementMap":{"0":{"start":{"line":1,"column":16},"end":{"line":1,"column":34}},"1":{"start":{"line":2,"column":15},"end":{"line":2,"column":31}},"2":{"start":{"line":3,"column":26},"end":{"line":3,"column":70}},"3":{"start":{"line":4,"column":17},"end":{"line":4,"column":51}},"4":{"start":{"line":11,"column":4},"end":{"line":11,"column":44}},"5":{"start":{"line":17,"column":4},"end":{"line":21,"column":6}},"6":{"start":{"line":27,"column":4},"end":{"line":31,"column":6}},"7":{"start":{"line":37,"column":4},"end":{"line":41,"column":6}},"8":{"start":{"line":47,"column":4},"end":{"line":52,"column":6}},"9":{"start":{"line":58,"column":4},"end":{"line":63,"column":6}},"10":{"start":{"line":69,"column":4},"end":{"line":73,"column":6}},"11":{"start":{"line":75,"column":0},"end":{"line":75,"column":24}}},"fnMap":{},"branchMap":{},"s":{"0":1,"1":1,"2":1,"3":1,"4":1,"5":1,"6":1,"7":1,"8":1,"9":1,"10":1,"11":1},"f":{},"b":{},"_coverageSchema":"1a1c01bbd47fc00a2c39e90264f33305004495a9","hash":"43e83a7dc767e8f97cd2434e4688406f3a357219"}
,"C:\\Users\\JOSE\\OneDrive\\Desktop\\prueba-node-mvc-bpo\\src\\routes\\index.js": {"path":"C:\\Users\\JOSE\\OneDrive\\Desktop\\prueba-node-mvc-bpo\\src\\routes\\index.js","statementMap":{"0":{"start":{"line":1,"column":16},"end":{"line":1,"column":34}},"1":{"start":{"line":2,"column":15},"end":{"line":2,"column":31}},"2":{"start":{"line":3,"column":22},"end":{"line":3,"column":49}},"3":{"start":{"line":8,"column":0},"end":{"line":15,"column":3}},"4":{"start":{"line":9,"column":4},"end":{"line":14,"column":7}},"5":{"start":{"line":20,"column":0},"end":{"line":30,"column":3}},"6":{"start":{"line":21,"column":4},"end":{"line":29,"column":7}},"7":{"start":{"line":35,"column":0},"end":{"line":35,"column":40}},"8":{"start":{"line":37,"column":0},"end":{"line":37,"column":24}}},"fnMap":{"0":{"name":"(anonymous_0)","decl":{"start":{"line":8,"column":22},"end":{"line":8,"column":23}},"loc":{"start":{"line":8,"column":36},"end":{"line":15,"column":1}},"line":8},"1":{"name":"(anonymous_1)","decl":{"start":{"line":20,"column":16},"end":{"line":20,"column":17}},"loc":{"start":{"line":20,"column":30},"end":{"line":30,"column":1}},"line":20}},"branchMap":{"0":{"loc":{"start":{"line":13,"column":21},"end":{"line":13,"column":58}},"type":"binary-expr","locations":[{"start":{"line":13,"column":21},"end":{"line":13,"column":41}},{"start":{"line":13,"column":45},"end":{"line":13,"column":58}}],"line":13}},"s":{"0":1,"1":1,"2":1,"3":1,"4":0,"5":1,"6":0,"7":1,"8":1},"f":{"0":0,"1":0},"b":{"0":[0,0]},"_coverageSchema":"1a1c01bbd47fc00a2c39e90264f33305004495a9","hash":"dcc3281bc57dd6bb9caea7f87cb4fb81de07a588"}
,"C:\\Users\\JOSE\\OneDrive\\Desktop\\prueba-node-mvc-bpo\\src\\services\\gestion.service.js": {"path":"C:\\Users\\JOSE\\OneDrive\\Desktop\\prueba-node-mvc-bpo\\src\\services\\gestion.service.js","statementMap":{"0":{"start":{"line":1,"column":15},"end":{"line":1,"column":35}},"1":{"start":{"line":2,"column":16},"end":{"line":2,"column":50}},"2":{"start":{"line":11,"column":8},"end":{"line":20,"column":9}},"3":{"start":{"line":12,"column":24},"end":{"line":12,"column":57}},"4":{"start":{"line":13,"column":8},"end":{"line":13,"column":23}},"5":{"start":{"line":15,"column":8},"end":{"line":18,"column":9}},"6":{"start":{"line":16,"column":29},"end":{"line":16,"column":61}},"7":{"start":{"line":16,"column":51},"end":{"line":16,"column":60}},"8":{"start":{"line":17,"column":12},"end":{"line":17,"column":77}},"9":{"start":{"line":19,"column":8},"end":{"line":19,"column":20}},"10":{"start":{"line":38,"column":12},"end":{"line":38,"column":19}},"11":{"start":{"line":41,"column":24},"end":{"line":41,"column":42}},"12":{"start":{"line":42,"column":25},"end":{"line":42,"column":44}},"13":{"start":{"line":43,"column":23},"end":{"line":43,"column":47}},"14":{"start":{"line":46,"column":32},"end":{"line":46,"column":34}},"15":{"start":{"line":49,"column":8},"end":{"line":54,"column":9}},"16":{"start":{"line":50,"column":8},"end":{"line":53,"column":10}},"17":{"start":{"line":57,"column":8},"end":{"line":59,"column":9}},"18":{"start":{"line":58,"column":8},"end":{"line":58,"column":52}},"19":{"start":{"line":62,"column":8},"end":{"line":64,"column":9}},"20":{"start":{"line":63,"column":8},"end":{"line":63,"column":44}},"21":{"start":{"line":67,"column":8},"end":{"line":69,"column":9}},"22":{"start":{"line":68,"column":8},"end":{"line":68,"column":40}},"23":{"start":{"line":72,"column":8},"end":{"line":83,"column":9}},"24":{"start":{"line":73,"column":8},"end":{"line":73,"column":39}},"25":{"start":{"line":74,"column":8},"end":{"line":76,"column":9}},"26":{"start":{"line":75,"column":12},"end":{"line":75,"column":64}},"27":{"start":{"line":77,"column":8},"end":{"line":82,"column":9}},"28":{"start":{"line":79,"column":30},"end":{"line":79,"column":45}},"29":{"start":{"line":80,"column":12},"end":{"line":80,"column":48}},"30":{"start":{"line":81,"column":12},"end":{"line":81,"column":58}},"31":{"start":{"line":85,"column":8},"end":{"line":107,"column":9}},"32":{"start":{"line":86,"column":32},"end":{"line":92,"column":10}},"33":{"start":{"line":94,"column":27},"end":{"line":94,"column":54}},"34":{"start":{"line":96,"column":8},"end":{"line":104,"column":10}},"35":{"start":{"line":106,"column":8},"end":{"line":106,"column":71}},"36":{"start":{"line":116,"column":8},"end":{"line":121,"column":9}},"37":{"start":{"line":117,"column":24},"end":{"line":117,"column":50}},"38":{"start":{"line":118,"column":8},"end":{"line":118,"column":23}},"39":{"start":{"line":120,"column":8},"end":{"line":120,"column":70}},"40":{"start":{"line":131,"column":8},"end":{"line":146,"column":9}},"41":{"start":{"line":132,"column":24},"end":{"line":132,"column":50}},"42":{"start":{"line":134,"column":8},"end":{"line":136,"column":9}},"43":{"start":{"line":135,"column":12},"end":{"line":135,"column":24}},"44":{"start":{"line":138,"column":8},"end":{"line":138,"column":42}},"45":{"start":{"line":139,"column":8},"end":{"line":139,"column":23}},"46":{"start":{"line":141,"column":8},"end":{"line":144,"column":9}},"47":{"start":{"line":142,"column":29},"end":{"line":142,"column":61}},"48":{"start":{"line":142,"column":51},"end":{"line":142,"column":60}},"49":{"start":{"line":143,"column":12},"end":{"line":143,"column":77}},"50":{"start":{"line":145,"column":8},"end":{"line":145,"column":73}},"51":{"start":{"line":156,"column":8},"end":{"line":172,"column":9}},"52":{"start":{"line":157,"column":24},"end":{"line":157,"column":50}},"53":{"start":{"line":159,"column":8},"end":{"line":161,"column":9}},"54":{"start":{"line":160,"column":12},"end":{"line":160,"column":24}},"55":{"start":{"line":164,"column":8},"end":{"line":164,"column":80}},"56":{"start":{"line":165,"column":8},"end":{"line":165,"column":23}},"57":{"start":{"line":167,"column":8},"end":{"line":170,"column":9}},"58":{"start":{"line":168,"column":29},"end":{"line":168,"column":61}},"59":{"start":{"line":168,"column":51},"end":{"line":168,"column":60}},"60":{"start":{"line":169,"column":12},"end":{"line":169,"column":77}},"61":{"start":{"line":171,"column":8},"end":{"line":171,"column":73}},"62":{"start":{"line":181,"column":8},"end":{"line":193,"column":9}},"63":{"start":{"line":182,"column":24},"end":{"line":182,"column":50}},"64":{"start":{"line":184,"column":8},"end":{"line":186,"column":9}},"65":{"start":{"line":185,"column":12},"end":{"line":185,"column":25}},"66":{"start":{"line":189,"column":8},"end":{"line":189,"column":52}},"67":{"start":{"line":190,"column":8},"end":{"line":190,"column":20}},"68":{"start":{"line":192,"column":8},"end":{"line":192,"column":71}},"69":{"start":{"line":201,"column":8},"end":{"line":222,"column":9}},"70":{"start":{"line":202,"column":22},"end":{"line":202,"column":43}},"71":{"start":{"line":203,"column":25},"end":{"line":203,"column":78}},"72":{"start":{"line":204,"column":25},"end":{"line":204,"column":78}},"73":{"start":{"line":206,"column":32},"end":{"line":212,"column":10}},"74":{"start":{"line":214,"column":8},"end":{"line":219,"column":10}},"75":{"start":{"line":221,"column":8},"end":{"line":221,"column":75}},"76":{"start":{"line":226,"column":0},"end":{"line":226,"column":38}}},"fnMap":{"0":{"name":"(anonymous_0)","decl":{"start":{"line":10,"column":4},"end":{"line":10,"column":5}},"loc":{"start":{"line":10,"column":29},"end":{"line":21,"column":5}},"line":10},"1":{"name":"(anonymous_1)","decl":{"start":{"line":16,"column":46},"end":{"line":16,"column":47}},"loc":{"start":{"line":16,"column":51},"end":{"line":16,"column":60}},"line":16},"2":{"name":"(anonymous_2)","decl":{"start":{"line":28,"column":4},"end":{"line":28,"column":5}},"loc":{"start":{"line":28,"column":31},"end":{"line":108,"column":5}},"line":28},"3":{"name":"(anonymous_3)","decl":{"start":{"line":115,"column":4},"end":{"line":115,"column":5}},"loc":{"start":{"line":115,"column":27},"end":{"line":122,"column":5}},"line":115},"4":{"name":"(anonymous_4)","decl":{"start":{"line":130,"column":4},"end":{"line":130,"column":5}},"loc":{"start":{"line":130,"column":38},"end":{"line":147,"column":5}},"line":130},"5":{"name":"(anonymous_5)","decl":{"start":{"line":142,"column":46},"end":{"line":142,"column":47}},"loc":{"start":{"line":142,"column":51},"end":{"line":142,"column":60}},"line":142},"6":{"name":"(anonymous_6)","decl":{"start":{"line":155,"column":4},"end":{"line":155,"column":5}},"loc":{"start":{"line":155,"column":45},"end":{"line":173,"column":5}},"line":155},"7":{"name":"(anonymous_7)","decl":{"start":{"line":168,"column":46},"end":{"line":168,"column":47}},"loc":{"start":{"line":168,"column":51},"end":{"line":168,"column":60}},"line":168},"8":{"name":"(anonymous_8)","decl":{"start":{"line":180,"column":4},"end":{"line":180,"column":5}},"loc":{"start":{"line":180,"column":23},"end":{"line":194,"column":5}},"line":180},"9":{"name":"(anonymous_9)","decl":{"start":{"line":200,"column":4},"end":{"line":200,"column":5}},"loc":{"start":{"line":200,"column":32},"end":{"line":223,"column":5}},"line":200}},"branchMap":{"0":{"loc":{"start":{"line":15,"column":8},"end":{"line":18,"column":9}},"type":"if","locations":[{"start":{"line":15,"column":8},"end":{"line":18,"column":9}},{"start":{},"end":{}}],"line":15},"1":{"loc":{"start":{"line":28,"column":17},"end":{"line":28,"column":29}},"type":"default-arg","locations":[{"start":{"line":28,"column":27},"end":{"line":28,"column":29}}],"line":28},"2":{"loc":{"start":{"line":30,"column":8},"end":{"line":30,"column":16}},"type":"default-arg","locations":[{"start":{"line":30,"column":15},"end":{"line":30,"column":16}}],"line":30},"3":{"loc":{"start":{"line":31,"column":8},"end":{"line":31,"column":18}},"type":"default-arg","locations":[{"start":{"line":31,"column":16},"end":{"line":31,"column":18}}],"line":31},"4":{"loc":{"start":{"line":32,"column":8},"end":{"line":32,"column":14}},"type":"default-arg","locations":[{"start":{"line":32,"column":12},"end":{"line":32,"column":14}}],"line":32},"5":{"loc":{"start":{"line":49,"column":8},"end":{"line":54,"column":9}},"type":"if","locations":[{"start":{"line":49,"column":8},"end":{"line":54,"column":9}},{"start":{},"end":{}}],"line":49},"6":{"loc":{"start":{"line":49,"column":12},"end":{"line":49,"column":32}},"type":"binary-expr","locations":[{"start":{"line":49,"column":12},"end":{"line":49,"column":13}},{"start":{"line":49,"column":17},"end":{"line":49,"column":32}}],"line":49},"7":{"loc":{"start":{"line":57,"column":8},"end":{"line":59,"column":9}},"type":"if","locations":[{"start":{"line":57,"column":8},"end":{"line":59,"column":9}},{"start":{},"end":{}}],"line":57},"8":{"loc":{"start":{"line":62,"column":8},"end":{"line":64,"column":9}},"type":"if","locations":[{"start":{"line":62,"column":8},"end":{"line":64,"column":9}},{"start":{},"end":{}}],"line":62},"9":{"loc":{"start":{"line":67,"column":8},"end":{"line":69,"column":9}},"type":"if","locations":[{"start":{"line":67,"column":8},"end":{"line":69,"column":9}},{"start":{},"end":{}}],"line":67},"10":{"loc":{"start":{"line":72,"column":8},"end":{"line":83,"column":9}},"type":"if","locations":[{"start":{"line":72,"column":8},"end":{"line":83,"column":9}},{"start":{},"end":{}}],"line":72},"11":{"loc":{"start":{"line":72,"column":12},"end":{"line":72,"column":26}},"type":"binary-expr","locations":[{"start":{"line":72,"column":12},"end":{"line":72,"column":17}},{"start":{"line":72,"column":21},"end":{"line":72,"column":26}}],"line":72},"12":{"loc":{"start":{"line":74,"column":8},"end":{"line":76,"column":9}},"type":"if","locations":[{"start":{"line":74,"column":8},"end":{"line":76,"column":9}},{"start":{},"end":{}}],"line":74},"13":{"loc":{"start":{"line":77,"column":8},"end":{"line":82,"column":9}},"type":"if","locations":[{"start":{"line":77,"column":8},"end":{"line":82,"column":9}},{"start":{},"end":{}}],"line":77},"14":{"loc":{"start":{"line":134,"column":8},"end":{"line":136,"column":9}},"type":"if","locations":[{"start":{"line":134,"column":8},"end":{"line":136,"column":9}},{"start":{},"end":{}}],"line":134},"15":{"loc":{"start":{"line":141,"column":8},"end":{"line":144,"column":9}},"type":"if","locations":[{"start":{"line":141,"column":8},"end":{"line":144,"column":9}},{"start":{},"end":{}}],"line":141},"16":{"loc":{"start":{"line":159,"column":8},"end":{"line":161,"column":9}},"type":"if","locations":[{"start":{"line":159,"column":8},"end":{"line":161,"column":9}},{"start":{},"end":{}}],"line":159},"17":{"loc":{"start":{"line":167,"column":8},"end":{"line":170,"column":9}},"type":"if","locations":[{"start":{"line":167,"column":8},"end":{"line":170,"column":9}},{"start":{},"end":{}}],"line":167},"18":{"loc":{"start":{"line":184,"column":8},"end":{"line":186,"column":9}},"type":"if","locations":[{"start":{"line":184,"column":8},"end":{"line":186,"column":9}},{"start":{},"end":{}}],"line":184}},"s":{"0":1,"1":1,"2":4,"3":4,"4":4,"5":0,"6":0,"7":0,"8":0,"9":0,"10":5,"11":5,"12":5,"13":5,"14":5,"15":5,"16":1,"17":5,"18":1,"19":5,"20":1,"21":5,"22":0,"23":5,"24":0,"25":0,"26":0,"27":0,"28":0,"29":0,"30":0,"31":5,"32":5,"33":5,"34":5,"35":0,"36":3,"37":3,"38":3,"39":0,"40":1,"41":1,"42":1,"43":0,"44":1,"45":1,"46":0,"47":0,"48":0,"49":0,"50":0,"51":1,"52":1,"53":1,"54":0,"55":1,"56":1,"57":0,"58":0,"59":0,"60":0,"61":0,"62":2,"63":2,"64":2,"65":1,"66":1,"67":1,"68":0,"69":0,"70":0,"71":0,"72":0,"73":0,"74":0,"75":0,"76":1},"f":{"0":4,"1":0,"2":5,"3":3,"4":1,"5":0,"6":1,"7":0,"8":2,"9":0},"b":{"0":[0,0],"1":[0],"2":[0],"3":[0],"4":[4],"5":[1,4],"6":[5,1],"7":[1,4],"8":[1,4],"9":[0,5],"10":[0,5],"11":[5,5],"12":[0,0],"13":[0,0],"14":[0,1],"15":[0,0],"16":[0,1],"17":[0,0],"18":[1,1]},"_coverageSchema":"1a1c01bbd47fc00a2c39e90264f33305004495a9","hash":"0d4e9233c9b6c5fd918b8074220fcfa707d62b27"}
,"C:\\Users\\JOSE\\OneDrive\\Desktop\\prueba-node-mvc-bpo\\src\\validations\\gestion.schema.js": {"path":"C:\\Users\\JOSE\\OneDrive\\Desktop\\prueba-node-mvc-bpo\\src\\validations\\gestion.schema.js","statementMap":{"0":{"start":{"line":1,"column":12},"end":{"line":1,"column":26}},"1":{"start":{"line":4,"column":27},"end":{"line":13,"column":5}},"2":{"start":{"line":16,"column":25},"end":{"line":16,"column":47}},"3":{"start":{"line":21,"column":31},"end":{"line":119,"column":6}},"4":{"start":{"line":124,"column":36},"end":{"line":124,"column":54}},"5":{"start":{"line":129,"column":43},"end":{"line":185,"column":6}},"6":{"start":{"line":190,"column":34},"end":{"line":255,"column":6}},"7":{"start":{"line":260,"column":26},"end":{"line":271,"column":6}},"8":{"start":{"line":273,"column":4},"end":{"line":279,"column":6}}},"fnMap":{},"branchMap":{},"s":{"0":1,"1":1,"2":1,"3":1,"4":1,"5":1,"6":1,"7":1,"8":1},"f":{},"b":{},"_coverageSchema":"1a1c01bbd47fc00a2c39e90264f33305004495a9","hash":"9ba4772ebebaef47d7b20a06b5608071c5ba20e1"}
}
