TN:
SF:src\app.js
FN:27,(anonymous_0)
FN:41,(anonymous_1)
FNF:2
FNH:1
FNDA:0,(anonymous_0)
FNDA:1,(anonymous_1)
DA:1,1
DA:2,1
DA:3,1
DA:4,1
DA:6,1
DA:13,1
DA:20,1
DA:23,1
DA:26,1
DA:27,0
DA:28,0
DA:32,0
DA:41,1
DA:42,1
DA:50,1
DA:57,1
DA:60,1
DA:62,1
LF:18
LH:15
BRDA:14,0,0,1
BRDA:14,0,1,1
BRDA:26,1,0,0
BRDA:26,1,1,1
BRDA:30,2,0,0
BRDA:30,2,1,0
BRF:6
BRH:3
end_of_record
TN:
SF:src\controllers\gestion.controller.js
FN:7,(anonymous_0)
FN:24,(anonymous_1)
FN:42,(anonymous_2)
FN:67,(anonymous_3)
FN:92,(anonymous_4)
FN:117,(anonymous_5)
FN:141,(anonymous_6)
FNF:7
FNH:6
FNDA:4,(anonymous_0)
FNDA:5,(anonymous_1)
FNDA:3,(anonymous_2)
FNDA:1,(anonymous_3)
FNDA:1,(anonymous_4)
FNDA:2,(anonymous_5)
FNDA:0,(anonymous_6)
DA:1,1
DA:8,4
DA:9,4
DA:11,4
DA:17,0
DA:25,5
DA:26,5
DA:28,5
DA:35,0
DA:43,3
DA:44,3
DA:45,3
DA:47,3
DA:48,1
DA:54,2
DA:60,0
DA:68,1
DA:69,1
DA:70,1
DA:72,1
DA:73,0
DA:79,1
DA:85,0
DA:93,1
DA:94,1
DA:95,1
DA:97,1
DA:98,0
DA:104,1
DA:110,0
DA:118,2
DA:119,2
DA:120,2
DA:122,2
DA:123,1
DA:129,1
DA:134,0
DA:142,0
DA:143,0
DA:145,0
DA:151,0
DA:156,1
LF:42
LH:30
BRDA:47,0,0,1
BRDA:47,0,1,2
BRDA:72,1,0,0
BRDA:72,1,1,1
BRDA:97,2,0,0
BRDA:97,2,1,1
BRDA:122,3,0,1
BRDA:122,3,1,1
BRF:8
BRH:6
end_of_record
TN:
SF:src\middlewares\error.handler.js
FN:4,(anonymous_0)
FN:15,(anonymous_1)
FN:29,(anonymous_2)
FN:41,(anonymous_3)
FN:96,(anonymous_4)
FN:97,(anonymous_5)
FNF:6
FNH:0
FNDA:0,(anonymous_0)
FNDA:0,(anonymous_1)
FNDA:0,(anonymous_2)
FNDA:0,(anonymous_3)
FNDA:0,(anonymous_4)
FNDA:0,(anonymous_5)
DA:4,1
DA:5,0
DA:15,1
DA:17,0
DA:25,0
DA:26,0
DA:29,0
DA:37,0
DA:38,0
DA:41,0
DA:49,0
DA:50,0
DA:58,0
DA:59,0
DA:67,0
DA:68,0
DA:76,0
DA:77,0
DA:85,0
DA:96,1
DA:97,0
DA:98,0
DA:102,1
LF:23
LH:4
BRDA:19,0,0,0
BRDA:19,0,1,0
BRDA:25,1,0,0
BRDA:25,1,1,0
BRDA:37,2,0,0
BRDA:37,2,1,0
BRDA:49,3,0,0
BRDA:49,3,1,0
BRDA:58,4,0,0
BRDA:58,4,1,0
BRDA:62,5,0,0
BRDA:62,5,1,0
BRDA:67,6,0,0
BRDA:67,6,1,0
BRDA:76,7,0,0
BRDA:76,7,1,0
BRDA:88,8,0,0
BRDA:88,8,1,0
BRF:18
BRH:0
end_of_record
TN:
SF:src\middlewares\validate.js
FN:6,(anonymous_0)
FN:7,(anonymous_1)
FN:14,(anonymous_2)
FNF:3
FNH:3
FNDA:8,(anonymous_0)
FNDA:25,(anonymous_1)
FNDA:7,(anonymous_2)
DA:6,1
DA:7,8
DA:8,25
DA:13,25
DA:14,7
DA:19,5
DA:27,20
DA:28,20
DA:32,1
LF:9
LH:9
BRDA:6,0,0,0
BRDA:13,1,0,5
BRDA:13,1,1,20
BRF:3
BRH:2
end_of_record
TN:
SF:src\models\gestion.model.js
FNF:0
FNH:0
DA:1,1
DA:2,1
DA:4,1
DA:130,1
LF:4
LH:4
BRF:0
BRH:0
end_of_record
TN:
SF:src\models\index.js
FN:10,(anonymous_0)
FNF:1
FNH:1
FNDA:1,(anonymous_0)
DA:1,1
DA:2,1
DA:4,1
DA:10,1
DA:11,1
DA:12,1
DA:13,1
DA:15,0
DA:16,0
DA:20,1
LF:10
LH:8
BRDA:10,0,0,0
BRDA:13,1,0,1
BRDA:13,1,1,0
BRF:3
BRH:1
end_of_record
TN:
SF:src\routes\gestion.routes.js
FNF:0
FNH:0
DA:1,1
DA:2,1
DA:3,1
DA:4,1
DA:11,1
DA:17,1
DA:27,1
DA:37,1
DA:47,1
DA:58,1
DA:69,1
DA:75,1
LF:12
LH:12
BRF:0
BRH:0
end_of_record
TN:
SF:src\routes\index.js
FN:8,(anonymous_0)
FN:20,(anonymous_1)
FNF:2
FNH:0
FNDA:0,(anonymous_0)
FNDA:0,(anonymous_1)
DA:1,1
DA:2,1
DA:3,1
DA:8,1
DA:9,0
DA:20,1
DA:21,0
DA:35,1
DA:37,1
LF:9
LH:7
BRDA:13,0,0,0
BRDA:13,0,1,0
BRF:2
BRH:0
end_of_record
TN:
SF:src\services\gestion.service.js
FN:10,(anonymous_0)
FN:16,(anonymous_1)
FN:28,(anonymous_2)
FN:115,(anonymous_3)
FN:130,(anonymous_4)
FN:142,(anonymous_5)
FN:155,(anonymous_6)
FN:168,(anonymous_7)
FN:180,(anonymous_8)
FN:200,(anonymous_9)
FNF:10
FNH:6
FNDA:4,(anonymous_0)
FNDA:0,(anonymous_1)
FNDA:5,(anonymous_2)
FNDA:3,(anonymous_3)
FNDA:1,(anonymous_4)
FNDA:0,(anonymous_5)
FNDA:1,(anonymous_6)
FNDA:0,(anonymous_7)
FNDA:2,(anonymous_8)
FNDA:0,(anonymous_9)
DA:1,1
DA:2,1
DA:11,4
DA:12,4
DA:13,4
DA:15,0
DA:16,0
DA:17,0
DA:19,0
DA:38,5
DA:41,5
DA:42,5
DA:43,5
DA:46,5
DA:49,5
DA:50,1
DA:57,5
DA:58,1
DA:62,5
DA:63,1
DA:67,5
DA:68,0
DA:72,5
DA:73,0
DA:74,0
DA:75,0
DA:77,0
DA:79,0
DA:80,0
DA:81,0
DA:85,5
DA:86,5
DA:94,5
DA:96,5
DA:106,0
DA:116,3
DA:117,3
DA:118,3
DA:120,0
DA:131,1
DA:132,1
DA:134,1
DA:135,0
DA:138,1
DA:139,1
DA:141,0
DA:142,0
DA:143,0
DA:145,0
DA:156,1
DA:157,1
DA:159,1
DA:160,0
DA:164,1
DA:165,1
DA:167,0
DA:168,0
DA:169,0
DA:171,0
DA:181,2
DA:182,2
DA:184,2
DA:185,1
DA:189,1
DA:190,1
DA:192,0
DA:201,0
DA:202,0
DA:203,0
DA:204,0
DA:206,0
DA:214,0
DA:221,0
DA:226,1
LF:74
LH:42
BRDA:15,0,0,0
BRDA:15,0,1,0
BRDA:28,1,0,0
BRDA:30,2,0,0
BRDA:31,3,0,0
BRDA:32,4,0,4
BRDA:49,5,0,1
BRDA:49,5,1,4
BRDA:49,6,0,5
BRDA:49,6,1,1
BRDA:57,7,0,1
BRDA:57,7,1,4
BRDA:62,8,0,1
BRDA:62,8,1,4
BRDA:67,9,0,0
BRDA:67,9,1,5
BRDA:72,10,0,0
BRDA:72,10,1,5
BRDA:72,11,0,5
BRDA:72,11,1,5
BRDA:74,12,0,0
BRDA:74,12,1,0
BRDA:77,13,0,0
BRDA:77,13,1,0
BRDA:134,14,0,0
BRDA:134,14,1,1
BRDA:141,15,0,0
BRDA:141,15,1,0
BRDA:159,16,0,0
BRDA:159,16,1,1
BRDA:167,17,0,0
BRDA:167,17,1,0
BRDA:184,18,0,1
BRDA:184,18,1,1
BRF:34
BRH:17
end_of_record
TN:
SF:src\validations\gestion.schema.js
FNF:0
FNH:0
DA:1,1
DA:4,1
DA:16,1
DA:21,1
DA:124,1
DA:129,1
DA:190,1
DA:260,1
DA:273,1
LF:9
LH:9
BRF:0
BRH:0
end_of_record
